Following values are constant for all integrations.

========================================================

depth =  2
sigma_multiplication =  1000.0
num_trials =  10
available_GPU = [0]
kxi = - math.pi / a
kxf = math.pi / a
kyi = - math.pi / a
kyf = math.pi / a

========================================================
0 hypercube(s) need(s) to be recalculated, to save time, try drastically increasing sigma_multiplication.
Result for qx =  0.1 :  -2.585807403966275e+169  with error:  inf
================================================================
Computed in  17.096559762954712  seconds.
================================================================
0 hypercube(s) need(s) to be recalculated, to save time, try drastically increasing sigma_multiplication.
Result for qx =  0.3 :  -1.0215085571393704e+253  with error:  inf
================================================================
Computed in  16.595142126083374  seconds.
================================================================
0 hypercube(s) need(s) to be recalculated, to save time, try drastically increasing sigma_multiplication.
Result for qx =  0.4 :  -5.695867303083655e+287  with error:  inf
================================================================
Computed in  16.471811771392822  seconds.
================================================================
0 hypercube(s) need(s) to be recalculated, to save time, try drastically increasing sigma_multiplication.
Result for qx =  0.45 :  -1.4762708207817422e+206  with error:  inf
================================================================
Computed in  16.76055383682251  seconds.
================================================================
0 hypercube(s) need(s) to be recalculated, to save time, try drastically increasing sigma_multiplication.
Result for qx =  0.55 :  -8.201623574941061e+228  with error:  inf
================================================================
Computed in  16.55594229698181  seconds.
================================================================
0 hypercube(s) need(s) to be recalculated, to save time, try drastically increasing sigma_multiplication.
Result for qx =  0.7 :  -9.289135978945904e+257  with error:  inf
================================================================
Computed in  16.462056636810303  seconds.
================================================================
0 hypercube(s) need(s) to be recalculated, to save time, try drastically increasing sigma_multiplication.
Result for qx =  0.9 :  -1.3187914468020671e+137  with error:  4.1376408993595e+137
================================================================
Computed in  16.509394645690918  seconds.
================================================================
================================================================
All values in csv format:
0.100, -2.58580740E+169,   INF, 1.710E+01
0.300, -1.02150856E+253,   INF, 1.660E+01
0.400, -5.69586730E+287,   INF, 1.647E+01
0.450, -1.47627082E+206,   INF, 1.676E+01
0.550, -8.20162357E+228,   INF, 1.656E+01
0.700, -9.28913598E+257,   INF, 1.646E+01
0.900, -1.31879145E+137, 4.138E+137, 1.651E+01
================================================================

Process completed successfully!
Total time is  116.80040144920349 seconds.
