Following values are constant for all integrations.

========================================================

depth =  2
sigma_multiplication =  1000.0
num_trials =  10
available_GPU = [0]
kxi = - math.pi / a
kxf = math.pi / a
kyi = - math.pi / a
kyf = math.pi / a

========================================================
0 hypercube(s) need(s) to be recalculated, to save time, try drastically increasing sigma_multiplication.
Result for qx =  0.1 :  nan  with error:  nan
================================================================
Computed in  21.36916422843933  seconds.
================================================================
0 hypercube(s) need(s) to be recalculated, to save time, try drastically increasing sigma_multiplication.
Result for qx =  0.3 :  nan  with error:  nan
================================================================
Computed in  21.75065541267395  seconds.
================================================================
0 hypercube(s) need(s) to be recalculated, to save time, try drastically increasing sigma_multiplication.
Result for qx =  0.4 :  nan  with error:  nan
================================================================
Computed in  21.805331230163574  seconds.
================================================================
0 hypercube(s) need(s) to be recalculated, to save time, try drastically increasing sigma_multiplication.
Result for qx =  0.45 :  nan  with error:  nan
================================================================
Computed in  21.76389503479004  seconds.
================================================================
0 hypercube(s) need(s) to be recalculated, to save time, try drastically increasing sigma_multiplication.
Result for qx =  0.55 :  nan  with error:  nan
================================================================
Computed in  21.749489068984985  seconds.
================================================================
0 hypercube(s) need(s) to be recalculated, to save time, try drastically increasing sigma_multiplication.
Result for qx =  0.7 :  nan  with error:  nan
================================================================
Computed in  21.845377922058105  seconds.
================================================================
0 hypercube(s) need(s) to be recalculated, to save time, try drastically increasing sigma_multiplication.
Result for qx =  0.9 :  nan  with error:  nan
================================================================
Computed in  21.777865648269653  seconds.
================================================================
================================================================
All values in csv format:
0.100,         NAN,   NAN, 2.137E+01
0.300,         NAN,   NAN, 2.175E+01
0.400,         NAN,   NAN, 2.181E+01
0.450,         NAN,   NAN, 2.176E+01
0.550,         NAN,   NAN, 2.175E+01
0.700,         NAN,   NAN, 2.185E+01
0.900,         NAN,   NAN, 2.178E+01
================================================================

Process completed successfully!
Total time is  152.4136519432068 seconds.
