A = 
 [[ 2.+2.j  2.+2.j  0.+0.j  0.+0.j  0.+0.j]
 [ 2.+2.j  2.-2.j -4.-4.j  0.+0.j  0.+0.j]
 [ 0.+0.j  2.-2.j  2.-2.j  8.+4.j  0.+0.j]
 [ 0.+0.j  0.+0.j  2.+1.j  8.+2.j  4.-2.j]
 [ 0.+0.j  0.+0.j  0.+0.j  4.-2.j  4.+1.j]]
Ainv = 
 [[ 0.1753-0.5632j  0.0747+0.3132j -0.6379-0.4885j  0.7701+0.2414j -0.8046+0.3448j]
 [ 0.0747+0.3132j -0.0747-0.3132j  0.6379+0.4885j -0.7701-0.2414j  0.8046-0.3448j]
 [ 0.2443-0.319j  -0.2443+0.319j  -0.0747-0.5632j  0.2644+0.5057j -0.5747-0.2299j]
 [-0.0302+0.0963j  0.0302-0.0963j  0.0661+0.1264j -0.0287-0.1782j  0.1494+0.1264j]
 [-0.0431-0.1006j  0.0431+0.1006j -0.1437-0.0575j  0.1494+0.1264j  0.023 -0.0575j]]
b = 
 [[ 1.+0.j  0.+0.j  0.-0.j -0.+0.j  0.-0.j]
 [ 0.+0.j  1.+0.j  0.+0.j  0.+0.j  0.-0.j]
 [ 0.+0.j  0.+0.j  1.-0.j  0.+0.j  0.+0.j]
 [ 0.+0.j -0.+0.j -0.-0.j  1.+0.j -0.-0.j]
 [ 0.-0.j -0.+0.j  0.-0.j  0.-0.j  1.+0.j]]

numpy result: 
 [[ 0.1753-0.5632j  0.0747+0.3132j -0.6379-0.4885j  0.7701+0.2414j -0.8046+0.3448j]
 [ 0.0747+0.3132j -0.0747-0.3132j  0.6379+0.4885j -0.7701-0.2414j  0.8046-0.3448j]
 [ 0.2443-0.319j  -0.2443+0.319j  -0.0747-0.5632j  0.2644+0.5057j -0.5747-0.2299j]
 [-0.0302+0.0963j  0.0302-0.0963j  0.0661+0.1264j -0.0287-0.1782j  0.1494+0.1264j]
 [-0.0431-0.1006j  0.0431+0.1006j -0.1437-0.0575j  0.1494+0.1264j  0.023 -0.0575j]]
tr =  (18+1j)
A = 
 [[ 2.+2.j  2.+2.j  0.+0.j  0.+0.j  0.+0.j]
 [ 2.+2.j  2.-2.j -4.-4.j  0.+0.j  0.+0.j]
 [ 0.+0.j  2.-2.j  2.-2.j  8.+4.j  0.+0.j]
 [ 0.+0.j  0.+0.j  2.+1.j  8.+2.j  4.-2.j]
 [ 0.+0.j  0.+0.j  0.+0.j  4.-2.j  4.+1.j]]
A* = 
 [[ 2.-2.j  2.-2.j  0.-0.j  0.-0.j  0.-0.j]
 [ 2.-2.j  2.+2.j  2.+2.j  0.-0.j  0.-0.j]
 [ 0.-0.j -4.+4.j  2.+2.j  2.-1.j  0.-0.j]
 [ 0.-0.j  0.-0.j  8.-4.j  8.-2.j  4.+2.j]
 [ 0.-0.j  0.-0.j  0.-0.j  4.+2.j  4.-1.j]]
[[ True  True  True ...  True  True  True]
 [ True  True  True ...  True  True  True]
 [ True  True  True ...  True  True  True]
 ...
 [ True  True  True ...  True  True  True]
 [ True  True  True ...  True  True  True]
 [ True  True  True ...  True  True  True]]
numpy time =  0.1961526870727539
my time =  1.819007158279419
[[ True  True  True ...  True  True  True]
 [ True  True  True ...  True  True  True]
 [ True  True  True ...  True  True  True]
 ...
 [ True  True  True ...  True  True  True]
 [ True  True  True ...  True  True  True]
 [ True  True  True ...  True  True  True]]
numpy time =  0.1120295524597168
my time =  1.4593307971954346
[[ True  True  True ...  True  True  True]
 [ True  True  True ...  True  True  True]
 [ True  True  True ...  True  True  True]
 ...
 [ True  True  True ...  True  True  True]
 [ True  True  True ...  True  True  True]
 [ True  True  True ...  True  True  True]]
numpy time =  0.12130379676818848
my time =  1.459580898284912
[[ True  True  True ...  True  True  True]
 [ True  True  True ...  True  True  True]
 [ True  True  True ...  True  True  True]
 ...
 [ True  True  True ...  True  True  True]
 [ True  True  True ...  True  True  True]
 [ True  True  True ...  True  True  True]]
numpy time =  0.11402225494384766
my time =  1.4597904682159424
[[ True  True  True ...  True  True  True]
 [ True  True  True ...  True  True  True]
 [ True  True  True ...  True  True  True]
 ...
 [ True  True  True ...  True  True  True]
 [ True  True  True ...  True  True  True]
 [ True  True  True ...  True  True  True]]
numpy time =  0.11171483993530273
my time =  1.4595954418182373
[[ True  True  True ...  True  True  True]
 [ True  True  True ...  True  True  True]
 [ True  True  True ...  True  True  True]
 ...
 [ True  True  True ...  True  True  True]
 [ True  True  True ...  True  True  True]
 [ True  True  True ...  True  True  True]]
numpy time =  0.11449933052062988
my time =  1.4591546058654785
[[ True  True  True ...  True  True  True]
 [ True  True  True ...  True  True  True]
 [ True  True  True ...  True  True  True]
 ...
 [ True  True  True ...  True  True  True]
 [ True  True  True ...  True  True  True]
 [ True  True  True ...  True  True  True]]
numpy time =  0.11306595802307129
my time =  1.4594409465789795
[[ True  True  True ...  True  True  True]
 [ True  True  True ...  True  True  True]
 [ True  True  True ...  True  True  True]
 ...
 [ True  True  True ...  True  True  True]
 [ True  True  True ...  True  True  True]
 [ True  True  True ...  True  True  True]]
numpy time =  0.11159038543701172
my time =  1.458526372909546
[[ True  True  True ...  True  True  True]
 [ True  True  True ...  True  True  True]
 [ True  True  True ...  True  True  True]
 ...
 [ True  True  True ...  True  True  True]
 [ True  True  True ...  True  True  True]
 [ True  True  True ...  True  True  True]]
numpy time =  0.11401128768920898
my time =  1.460214614868164
[[ True  True  True ...  True  True  True]
 [ True  True  True ...  True  True  True]
 [ True  True  True ...  True  True  True]
 ...
 [ True  True  True ...  True  True  True]
 [ True  True  True ...  True  True  True]
 [ True  True  True ...  True  True  True]]
numpy time =  0.11403560638427734
my time =  1.4591865539550781
