A = 
 [[ 2.+2.j  2.+2.j  0.+0.j  0.+0.j  0.+0.j]
 [ 2.+2.j  2.-2.j -4.-4.j  0.+0.j  0.+0.j]
 [ 0.+0.j  2.-2.j  2.-2.j  8.+4.j  0.+0.j]
 [ 0.+0.j  0.+0.j  2.+1.j  8.+2.j  4.-2.j]
 [ 0.+0.j  0.+0.j  0.+0.j  4.-2.j  4.+1.j]]
Ainv = 
 [[ 0.1753-0.5632j  0.0747+0.3132j -0.6379-0.4885j  0.7701+0.2414j -0.8046+0.3448j]
 [ 0.0747+0.3132j -0.0747-0.3132j  0.6379+0.4885j -0.7701-0.2414j  0.8046-0.3448j]
 [ 0.2443-0.319j  -0.2443+0.319j  -0.0747-0.5632j  0.2644+0.5057j -0.5747-0.2299j]
 [-0.0302+0.0963j  0.0302-0.0963j  0.0661+0.1264j -0.0287-0.1782j  0.1494+0.1264j]
 [-0.0431-0.1006j  0.0431+0.1006j -0.1437-0.0575j  0.1494+0.1264j  0.023 -0.0575j]]
b = 
 [[ 1.+0.j  0.+0.j  0.-0.j -0.+0.j  0.-0.j]
 [ 0.+0.j  1.+0.j  0.+0.j  0.+0.j  0.-0.j]
 [ 0.+0.j  0.+0.j  1.-0.j  0.+0.j  0.+0.j]
 [ 0.+0.j -0.+0.j -0.-0.j  1.+0.j -0.-0.j]
 [ 0.-0.j -0.+0.j  0.-0.j  0.-0.j  1.+0.j]]

numpy result: 
 [[ 0.1753-0.5632j  0.0747+0.3132j -0.6379-0.4885j  0.7701+0.2414j -0.8046+0.3448j]
 [ 0.0747+0.3132j -0.0747-0.3132j  0.6379+0.4885j -0.7701-0.2414j  0.8046-0.3448j]
 [ 0.2443-0.319j  -0.2443+0.319j  -0.0747-0.5632j  0.2644+0.5057j -0.5747-0.2299j]
 [-0.0302+0.0963j  0.0302-0.0963j  0.0661+0.1264j -0.0287-0.1782j  0.1494+0.1264j]
 [-0.0431-0.1006j  0.0431+0.1006j -0.1437-0.0575j  0.1494+0.1264j  0.023 -0.0575j]]
tr =  (18+1j)
A = 
 [[ 2.+2.j  2.+2.j  0.+0.j  0.+0.j  0.+0.j]
 [ 2.+2.j  2.-2.j -4.-4.j  0.+0.j  0.+0.j]
 [ 0.+0.j  2.-2.j  2.-2.j  8.+4.j  0.+0.j]
 [ 0.+0.j  0.+0.j  2.+1.j  8.+2.j  4.-2.j]
 [ 0.+0.j  0.+0.j  0.+0.j  4.-2.j  4.+1.j]]
A* = 
 [[ 2.-2.j  2.-2.j  0.-0.j  0.-0.j  0.-0.j]
 [ 2.-2.j  2.+2.j  2.+2.j  0.-0.j  0.-0.j]
 [ 0.-0.j -4.+4.j  2.+2.j  2.-1.j  0.-0.j]
 [ 0.-0.j  0.-0.j  8.-4.j  8.-2.j  4.+2.j]
 [ 0.-0.j  0.-0.j  0.-0.j  4.+2.j  4.-1.j]]
