Following values are constant for all integrations.

========================================================

depth =  3
sigma_multiplication =  100
num_trials =  10

kxi =  -0.3333333333333333
kxf =  0.3333333333333333

kyi =  -0.1925
kyf =  0.385

linspace parameters: 1.000000,51.000000,50.000000
=======================================================
0 hypercube(s) need(s) to be recalculated, to save time, try drastically increasing sigma_multiplication.
================================================================
Result for r =  1.0 :  -8.120397319339068e-05  with error:  1.4725519612608404e-08
================================================================
Computed in  108.77090573310852  seconds.
================================================================
0 hypercube(s) need(s) to be recalculated, to save time, try drastically increasing sigma_multiplication.
================================================================
Result for r =  2.020408163265306 :  -8.17602698342245e-05  with error:  1.464619515643031e-08
================================================================
Computed in  108.62323117256165  seconds.
================================================================
0 hypercube(s) need(s) to be recalculated, to save time, try drastically increasing sigma_multiplication.
================================================================
Result for r =  3.0408163265306123 :  -8.234099743126267e-05  with error:  1.4783097173545113e-08
================================================================
Computed in  108.6941466331482  seconds.
================================================================
0 hypercube(s) need(s) to be recalculated, to save time, try drastically increasing sigma_multiplication.
================================================================
Result for r =  4.061224489795919 :  -8.293652484360352e-05  with error:  1.4724817839047793e-08
================================================================
Computed in  108.4838216304779  seconds.
================================================================
0 hypercube(s) need(s) to be recalculated, to save time, try drastically increasing sigma_multiplication.
================================================================
Result for r =  5.081632653061225 :  -8.356906704512572e-05  with error:  1.4758518043439428e-08
================================================================
Computed in  108.61593842506409  seconds.
================================================================
0 hypercube(s) need(s) to be recalculated, to save time, try drastically increasing sigma_multiplication.
================================================================
Result for r =  6.1020408163265305 :  -8.422305307510668e-05  with error:  1.4709018517035327e-08
================================================================
Computed in  108.40673470497131  seconds.
================================================================
0 hypercube(s) need(s) to be recalculated, to save time, try drastically increasing sigma_multiplication.
================================================================
Result for r =  7.122448979591837 :  -8.489736932855829e-05  with error:  1.4824737771892703e-08
================================================================
Computed in  108.39985728263855  seconds.
================================================================
0 hypercube(s) need(s) to be recalculated, to save time, try drastically increasing sigma_multiplication.
================================================================
Result for r =  8.142857142857142 :  -8.561788509713143e-05  with error:  1.4994453027765314e-08
================================================================
Computed in  108.4524302482605  seconds.
================================================================
0 hypercube(s) need(s) to be recalculated, to save time, try drastically increasing sigma_multiplication.
================================================================
Result for r =  9.16326530612245 :  -8.63556767530015e-05  with error:  1.4680434296520039e-08
================================================================
Computed in  108.45041728019714  seconds.
================================================================
0 hypercube(s) need(s) to be recalculated, to save time, try drastically increasing sigma_multiplication.
================================================================
Result for r =  10.183673469387756 :  -8.713850105604063e-05  with error:  1.467807934558067e-08
================================================================
Computed in  108.40092062950134  seconds.
================================================================
0 hypercube(s) need(s) to be recalculated, to save time, try drastically increasing sigma_multiplication.
================================================================
Result for r =  11.204081632653061 :  -8.795011624660994e-05  with error:  1.4751167338065182e-08
================================================================
Computed in  108.36995363235474  seconds.
================================================================
0 hypercube(s) need(s) to be recalculated, to save time, try drastically increasing sigma_multiplication.
================================================================
Result for r =  12.224489795918368 :  -8.882351767258492e-05  with error:  1.4748345524448577e-08
================================================================
Computed in  108.44235324859619  seconds.
================================================================
0 hypercube(s) need(s) to be recalculated, to save time, try drastically increasing sigma_multiplication.
================================================================
Result for r =  13.244897959183675 :  -8.974442868232605e-05  with error:  1.4923748757043887e-08
================================================================
Computed in  108.37741804122925  seconds.
================================================================
0 hypercube(s) need(s) to be recalculated, to save time, try drastically increasing sigma_multiplication.
================================================================
Result for r =  14.26530612244898 :  -9.071937280234951e-05  with error:  1.498724361437903e-08
================================================================
Computed in  108.40841674804688  seconds.
================================================================
0 hypercube(s) need(s) to be recalculated, to save time, try drastically increasing sigma_multiplication.
================================================================
Result for r =  15.285714285714286 :  -9.173426147082111e-05  with error:  1.4886455341914717e-08
================================================================
Computed in  108.43617582321167  seconds.
================================================================
0 hypercube(s) need(s) to be recalculated, to save time, try drastically increasing sigma_multiplication.
================================================================
Result for r =  16.306122448979593 :  -9.283358711745628e-05  with error:  1.4769216227131414e-08
================================================================
Computed in  108.46767973899841  seconds.
================================================================
0 hypercube(s) need(s) to be recalculated, to save time, try drastically increasing sigma_multiplication.
================================================================
Result for r =  17.3265306122449 :  -9.403201214963047e-05  with error:  1.4877832284158911e-08
================================================================
Computed in  108.68165278434753  seconds.
================================================================
0 hypercube(s) need(s) to be recalculated, to save time, try drastically increasing sigma_multiplication.
================================================================
Result for r =  18.346938775510203 :  -9.52930268182541e-05  with error:  1.466335244751962e-08
================================================================
Computed in  108.42462468147278  seconds.
================================================================
0 hypercube(s) need(s) to be recalculated, to save time, try drastically increasing sigma_multiplication.
================================================================
Result for r =  19.367346938775512 :  -9.668164130155203e-05  with error:  1.4737350605824173e-08
================================================================
Computed in  108.48552823066711  seconds.
================================================================
0 hypercube(s) need(s) to be recalculated, to save time, try drastically increasing sigma_multiplication.
================================================================
Result for r =  20.387755102040817 :  -9.818272903150377e-05  with error:  1.5006074560050504e-08
================================================================
Computed in  108.46364212036133  seconds.
================================================================
0 hypercube(s) need(s) to be recalculated, to save time, try drastically increasing sigma_multiplication.
================================================================
Result for r =  21.408163265306122 :  -9.983441847948631e-05  with error:  1.5087822221793667e-08
================================================================
Computed in  108.52359104156494  seconds.
================================================================
0 hypercube(s) need(s) to be recalculated, to save time, try drastically increasing sigma_multiplication.
================================================================
Result for r =  22.42857142857143 :  -0.00010167371349960864  with error:  1.5103207828473982e-08
================================================================
Computed in  108.45776844024658  seconds.
================================================================
0 hypercube(s) need(s) to be recalculated, to save time, try drastically increasing sigma_multiplication.
================================================================
Result for r =  23.448979591836736 :  -0.00010374297681697248  with error:  1.5220628256505328e-08
================================================================
Computed in  108.43442940711975  seconds.
================================================================
0 hypercube(s) need(s) to be recalculated, to save time, try drastically increasing sigma_multiplication.
================================================================
Result for r =  24.46938775510204 :  -0.00010609355116382364  with error:  1.5315242845293978e-08
================================================================
Computed in  108.44178485870361  seconds.
================================================================
0 hypercube(s) need(s) to be recalculated, to save time, try drastically increasing sigma_multiplication.
================================================================
Result for r =  25.48979591836735 :  -0.00010882663380942541  with error:  1.5063672275681844e-08
================================================================
Computed in  108.39720439910889  seconds.
================================================================
0 hypercube(s) need(s) to be recalculated, to save time, try drastically increasing sigma_multiplication.
================================================================
Result for r =  26.510204081632654 :  -0.00011206200070788281  with error:  1.5227699482241982e-08
================================================================
Computed in  108.44066572189331  seconds.
================================================================
0 hypercube(s) need(s) to be recalculated, to save time, try drastically increasing sigma_multiplication.
================================================================
Result for r =  27.53061224489796 :  -0.00011602976560302443  with error:  1.517712082760202e-08
================================================================
Computed in  108.52330708503723  seconds.
================================================================
0 hypercube(s) need(s) to be recalculated, to save time, try drastically increasing sigma_multiplication.
================================================================
Result for r =  28.551020408163264 :  -0.00012108669435678734  with error:  1.531528840089563e-08
================================================================
Computed in  108.58670997619629  seconds.
================================================================
0 hypercube(s) need(s) to be recalculated, to save time, try drastically increasing sigma_multiplication.
================================================================
Result for r =  29.571428571428573 :  -0.0001278356861311293  with error:  1.5200141730319757e-08
================================================================
Computed in  108.46249580383301  seconds.
================================================================
0 hypercube(s) need(s) to be recalculated, to save time, try drastically increasing sigma_multiplication.
================================================================
Result for r =  30.591836734693878 :  -0.00013630303504686295  with error:  1.5349585616123284e-08
================================================================
Computed in  108.91342544555664  seconds.
================================================================
0 hypercube(s) need(s) to be recalculated, to save time, try drastically increasing sigma_multiplication.
================================================================
Result for r =  31.612244897959183 :  -0.00013777892477226627  with error:  1.533179070143754e-08
================================================================
Computed in  108.71230626106262  seconds.
================================================================
0 hypercube(s) need(s) to be recalculated, to save time, try drastically increasing sigma_multiplication.
================================================================
Result for r =  32.63265306122449 :  -0.0001293753012115506  with error:  1.560757383434396e-08
================================================================
Computed in  108.55030608177185  seconds.
================================================================
0 hypercube(s) need(s) to be recalculated, to save time, try drastically increasing sigma_multiplication.
================================================================
Result for r =  33.6530612244898 :  -0.00012201854136526102  with error:  1.544927073103919e-08
================================================================
Computed in  108.66564536094666  seconds.
================================================================
0 hypercube(s) need(s) to be recalculated, to save time, try drastically increasing sigma_multiplication.
================================================================
Result for r =  34.673469387755105 :  -0.00011651897196720283  with error:  1.5574017641737492e-08
================================================================
Computed in  108.5363667011261  seconds.
================================================================
0 hypercube(s) need(s) to be recalculated, to save time, try drastically increasing sigma_multiplication.
================================================================
Result for r =  35.69387755102041 :  -0.00011222694422619965  with error:  1.566395977281523e-08
================================================================
Computed in  108.37160301208496  seconds.
================================================================
0 hypercube(s) need(s) to be recalculated, to save time, try drastically increasing sigma_multiplication.
================================================================
Result for r =  36.714285714285715 :  -0.00010873075677030405  with error:  1.5763357250041285e-08
================================================================
Computed in  108.49563694000244  seconds.
================================================================
0 hypercube(s) need(s) to be recalculated, to save time, try drastically increasing sigma_multiplication.
================================================================
Result for r =  37.734693877551024 :  -0.00010578351975456862  with error:  1.5732941359210183e-08
================================================================
Computed in  108.8454225063324  seconds.
================================================================
0 hypercube(s) need(s) to be recalculated, to save time, try drastically increasing sigma_multiplication.
================================================================
Result for r =  38.755102040816325 :  -0.00010326049081413196  with error:  1.569988232245686e-08
================================================================
Computed in  108.44816780090332  seconds.
================================================================
0 hypercube(s) need(s) to be recalculated, to save time, try drastically increasing sigma_multiplication.
================================================================
Result for r =  39.775510204081634 :  -0.0001010295934100124  with error:  1.5871491096804217e-08
================================================================
Computed in  108.52996015548706  seconds.
================================================================
0 hypercube(s) need(s) to be recalculated, to save time, try drastically increasing sigma_multiplication.
================================================================
Result for r =  40.79591836734694 :  -9.904311081480437e-05  with error:  1.584685928821271e-08
================================================================
Computed in  108.40261125564575  seconds.
================================================================
0 hypercube(s) need(s) to be recalculated, to save time, try drastically increasing sigma_multiplication.
================================================================
Result for r =  41.816326530612244 :  -9.723579239022924e-05  with error:  1.571264208580772e-08
================================================================
Computed in  108.35724592208862  seconds.
================================================================
0 hypercube(s) need(s) to be recalculated, to save time, try drastically increasing sigma_multiplication.
================================================================
Result for r =  42.83673469387755 :  -9.560531468753863e-05  with error:  1.5635309224726923e-08
================================================================
Computed in  108.41340231895447  seconds.
================================================================
0 hypercube(s) need(s) to be recalculated, to save time, try drastically increasing sigma_multiplication.
================================================================
Result for r =  43.85714285714286 :  -9.409906046602189e-05  with error:  1.5717746302347875e-08
================================================================
Computed in  108.3802878856659  seconds.
================================================================
0 hypercube(s) need(s) to be recalculated, to save time, try drastically increasing sigma_multiplication.
================================================================
Result for r =  44.87755102040816 :  -9.270786331199944e-05  with error:  1.544871998449882e-08
================================================================
Computed in  108.39849281311035  seconds.
================================================================
0 hypercube(s) need(s) to be recalculated, to save time, try drastically increasing sigma_multiplication.
================================================================
Result for r =  45.89795918367347 :  -9.141069290567356e-05  with error:  1.5608184984219425e-08
================================================================
Computed in  108.39916968345642  seconds.
================================================================
0 hypercube(s) need(s) to be recalculated, to save time, try drastically increasing sigma_multiplication.
================================================================
Result for r =  46.91836734693878 :  -9.021887090632497e-05  with error:  1.5364155847818952e-08
================================================================
Computed in  108.49069714546204  seconds.
================================================================
0 hypercube(s) need(s) to be recalculated, to save time, try drastically increasing sigma_multiplication.
================================================================
Result for r =  47.93877551020408 :  -8.906721508146522e-05  with error:  1.531793111837382e-08
================================================================
Computed in  108.45062232017517  seconds.
================================================================
0 hypercube(s) need(s) to be recalculated, to save time, try drastically increasing sigma_multiplication.
================================================================
Result for r =  48.95918367346939 :  -8.800241872577107e-05  with error:  1.5490358036304173e-08
================================================================
Computed in  108.54373216629028  seconds.
================================================================
0 hypercube(s) need(s) to be recalculated, to save time, try drastically increasing sigma_multiplication.
================================================================
Result for r =  49.9795918367347 :  -8.698119514719194e-05  with error:  1.555568077301105e-08
================================================================
Computed in  108.40970420837402  seconds.
================================================================
0 hypercube(s) need(s) to be recalculated, to save time, try drastically increasing sigma_multiplication.
================================================================
Result for r =  51.0 :  -8.60335565677453e-05  with error:  1.5453250182293018e-08
================================================================
Computed in  108.42032718658447  seconds.
================================================================


================================================================
All values in csv format:
om,Integral,Error,Time
1.981, -8.12039732E-05, 1.473E-08, 1.088E+02
31854.849, -8.17602698E-05, 1.465E-08, 1.086E+02
63707.716, -8.23409974E-05, 1.478E-08, 1.087E+02
95560.584, -8.29365248E-05, 1.472E-08, 1.085E+02
127413.451, -8.35690670E-05, 1.476E-08, 1.086E+02
159266.319, -8.42230531E-05, 1.471E-08, 1.084E+02
191119.186, -8.48973693E-05, 1.482E-08, 1.084E+02
222972.054, -8.56178851E-05, 1.499E-08, 1.085E+02
254824.922, -8.63556768E-05, 1.468E-08, 1.085E+02
286677.789, -8.71385011E-05, 1.468E-08, 1.084E+02
318530.657, -8.79501162E-05, 1.475E-08, 1.084E+02
350383.524, -8.88235177E-05, 1.475E-08, 1.084E+02
382236.392, -8.97444287E-05, 1.492E-08, 1.084E+02
414089.259, -9.07193728E-05, 1.499E-08, 1.084E+02
445942.127, -9.17342615E-05, 1.489E-08, 1.084E+02
477794.994, -9.28335871E-05, 1.477E-08, 1.085E+02
509647.862, -9.40320121E-05, 1.488E-08, 1.087E+02
541500.730, -9.52930268E-05, 1.466E-08, 1.084E+02
573353.597, -9.66816413E-05, 1.474E-08, 1.085E+02
605206.465, -9.81827290E-05, 1.501E-08, 1.085E+02
637059.332, -9.98344185E-05, 1.509E-08, 1.085E+02
668912.200, -1.01673713E-04, 1.510E-08, 1.085E+02
700765.067, -1.03742977E-04, 1.522E-08, 1.084E+02
732617.935, -1.06093551E-04, 1.532E-08, 1.084E+02
764470.803, -1.08826634E-04, 1.506E-08, 1.084E+02
796323.670, -1.12062001E-04, 1.523E-08, 1.084E+02
828176.538, -1.16029766E-04, 1.518E-08, 1.085E+02
860029.405, -1.21086694E-04, 1.532E-08, 1.086E+02
891882.273, -1.27835686E-04, 1.520E-08, 1.085E+02
923735.140, -1.36303035E-04, 1.535E-08, 1.089E+02
955588.008, -1.37778925E-04, 1.533E-08, 1.087E+02
987440.875, -1.29375301E-04, 1.561E-08, 1.086E+02
1019293.743, -1.22018541E-04, 1.545E-08, 1.087E+02
1051146.611, -1.16518972E-04, 1.557E-08, 1.085E+02
1082999.478, -1.12226944E-04, 1.566E-08, 1.084E+02
1114852.346, -1.08730757E-04, 1.576E-08, 1.085E+02
1146705.213, -1.05783520E-04, 1.573E-08, 1.088E+02
1178558.081, -1.03260491E-04, 1.570E-08, 1.084E+02
1210410.948, -1.01029593E-04, 1.587E-08, 1.085E+02
1242263.816, -9.90431108E-05, 1.585E-08, 1.084E+02
1274116.684, -9.72357924E-05, 1.571E-08, 1.084E+02
1305969.551, -9.56053147E-05, 1.564E-08, 1.084E+02
1337822.419, -9.40990605E-05, 1.572E-08, 1.084E+02
1369675.286, -9.27078633E-05, 1.545E-08, 1.084E+02
1401528.154, -9.14106929E-05, 1.561E-08, 1.084E+02
1433381.021, -9.02188709E-05, 1.536E-08, 1.085E+02
1465233.889, -8.90672151E-05, 1.532E-08, 1.085E+02
1497086.756, -8.80024187E-05, 1.549E-08, 1.085E+02
1528939.624, -8.69811951E-05, 1.556E-08, 1.084E+02
1560792.492, -8.60335566E-05, 1.545E-08, 1.084E+02
================================================================

Process completed successfully!
Total time is  5427.81511092186 seconds.
