
========================================================

./modimod_v3.py
2019-06-17

depth =  3
sigma_multiplication =  100
num_trials =  10

kxi =  -0.3333333333333333
kxf =  0.3333333333333333

kyi =  -0.1925
kyf =  0.385

linspace parameters: 1.000000,51.000000,50.000000
=======================================================
0 hypercube(s) need(s) to be recalculated, to save time, try drastically increasing sigma_multiplication.
================================================================
Result for om =  1.9809999999999999 :  -8.119423132987174e-05  with error:  1.4517816505268023e-08
================================================================
Computed in  108.04226732254028  seconds.
================================================================
0 hypercube(s) need(s) to be recalculated, to save time, try drastically increasing sigma_multiplication.
================================================================
Result for om =  1.9820204081632653 :  -8.175982532894026e-05  with error:  1.4660839012972966e-08
================================================================
Computed in  107.94804811477661  seconds.
================================================================
0 hypercube(s) need(s) to be recalculated, to save time, try drastically increasing sigma_multiplication.
================================================================
Result for om =  1.9830408163265305 :  -8.234477055188342e-05  with error:  1.4804729632896367e-08
================================================================
Computed in  107.87635660171509  seconds.
================================================================
0 hypercube(s) need(s) to be recalculated, to save time, try drastically increasing sigma_multiplication.
================================================================
Result for om =  1.984061224489796 :  -8.294244615027953e-05  with error:  1.461156694182037e-08
================================================================
Computed in  107.91015028953552  seconds.
================================================================
0 hypercube(s) need(s) to be recalculated, to save time, try drastically increasing sigma_multiplication.
================================================================
Result for om =  1.9850816326530611 :  -8.357414664764206e-05  with error:  1.4723339701593583e-08
================================================================
Computed in  107.90565776824951  seconds.
================================================================
0 hypercube(s) need(s) to be recalculated, to save time, try drastically increasing sigma_multiplication.
================================================================
Result for om =  1.9861020408163266 :  -8.423158623363382e-05  with error:  1.4552185811909305e-08
================================================================
Computed in  107.87698006629944  seconds.
================================================================
0 hypercube(s) need(s) to be recalculated, to save time, try drastically increasing sigma_multiplication.
================================================================
Result for om =  1.9871224489795918 :  -8.490208392734543e-05  with error:  1.4570509001898887e-08
================================================================
Computed in  108.07774639129639  seconds.
================================================================
0 hypercube(s) need(s) to be recalculated, to save time, try drastically increasing sigma_multiplication.
================================================================
Result for om =  1.9881428571428572 :  -8.56176859242907e-05  with error:  1.4962535642928848e-08
================================================================
Computed in  107.87031626701355  seconds.
================================================================
0 hypercube(s) need(s) to be recalculated, to save time, try drastically increasing sigma_multiplication.
================================================================
Result for om =  1.9891632653061224 :  -8.636477526114176e-05  with error:  1.4764808877548959e-08
================================================================
Computed in  108.05000495910645  seconds.
================================================================
0 hypercube(s) need(s) to be recalculated, to save time, try drastically increasing sigma_multiplication.
================================================================
Result for om =  1.9901836734693878 :  -8.713938492534364e-05  with error:  1.4910430610324035e-08
================================================================
Computed in  108.18706607818604  seconds.
================================================================
0 hypercube(s) need(s) to be recalculated, to save time, try drastically increasing sigma_multiplication.
================================================================
Result for om =  1.991204081632653 :  -8.796008797973642e-05  with error:  1.5073808823337457e-08
================================================================
Computed in  107.91168403625488  seconds.
================================================================
0 hypercube(s) need(s) to be recalculated, to save time, try drastically increasing sigma_multiplication.
================================================================
Result for om =  1.9922244897959183 :  -8.882549623214067e-05  with error:  1.4839200658082142e-08
================================================================
Computed in  107.78980851173401  seconds.
================================================================
0 hypercube(s) need(s) to be recalculated, to save time, try drastically increasing sigma_multiplication.
================================================================
Result for om =  1.9932448979591837 :  -8.974221181550449e-05  with error:  1.4886828169713208e-08
================================================================
Computed in  108.40966606140137  seconds.
================================================================
0 hypercube(s) need(s) to be recalculated, to save time, try drastically increasing sigma_multiplication.
================================================================
Result for om =  1.994265306122449 :  -9.071150258280267e-05  with error:  1.4894277893301199e-08
================================================================
Computed in  108.30630564689636  seconds.
================================================================
0 hypercube(s) need(s) to be recalculated, to save time, try drastically increasing sigma_multiplication.
================================================================
Result for om =  1.9952857142857143 :  -9.1737055396377e-05  with error:  1.4829319997168688e-08
================================================================
Computed in  108.04029989242554  seconds.
================================================================
0 hypercube(s) need(s) to be recalculated, to save time, try drastically increasing sigma_multiplication.
================================================================
Result for om =  1.9963061224489795 :  -9.28388773769682e-05  with error:  1.4877340990163632e-08
================================================================
Computed in  108.16710495948792  seconds.
================================================================
0 hypercube(s) need(s) to be recalculated, to save time, try drastically increasing sigma_multiplication.
================================================================
Result for om =  1.997326530612245 :  -9.402393242784849e-05  with error:  1.505210852959324e-08
================================================================
Computed in  108.18132328987122  seconds.
================================================================
0 hypercube(s) need(s) to be recalculated, to save time, try drastically increasing sigma_multiplication.
================================================================
Result for om =  1.9983469387755102 :  -9.529527846252167e-05  with error:  1.4957919146295843e-08
================================================================
Computed in  108.12565779685974  seconds.
================================================================
0 hypercube(s) need(s) to be recalculated, to save time, try drastically increasing sigma_multiplication.
================================================================
Result for om =  1.9993673469387756 :  -9.667663795152903e-05  with error:  1.4997668123040257e-08
================================================================
Computed in  107.97550964355469  seconds.
================================================================
0 hypercube(s) need(s) to be recalculated, to save time, try drastically increasing sigma_multiplication.
================================================================
Result for om =  2.000387755102041 :  -9.818843710335417e-05  with error:  1.5155273943405183e-08
================================================================
Computed in  107.91217613220215  seconds.
================================================================
0 hypercube(s) need(s) to be recalculated, to save time, try drastically increasing sigma_multiplication.
================================================================
Result for om =  2.0014081632653062 :  -9.982420377755479e-05  with error:  1.4882533288197291e-08
================================================================
Computed in  108.01851344108582  seconds.
================================================================
0 hypercube(s) need(s) to be recalculated, to save time, try drastically increasing sigma_multiplication.
================================================================
Result for om =  2.0024285714285712 :  -0.00010167838726130397  with error:  1.5142382563572197e-08
================================================================
Computed in  107.95679926872253  seconds.
================================================================
0 hypercube(s) need(s) to be recalculated, to save time, try drastically increasing sigma_multiplication.
================================================================
Result for om =  2.0034489795918367 :  -0.00010374993130853975  with error:  1.5107133192447084e-08
================================================================
Computed in  107.94775342941284  seconds.
================================================================
0 hypercube(s) need(s) to be recalculated, to save time, try drastically increasing sigma_multiplication.
================================================================
Result for om =  2.004469387755102 :  -0.00010609909602715753  with error:  1.5179961203090282e-08
================================================================
Computed in  107.95909070968628  seconds.
================================================================
0 hypercube(s) need(s) to be recalculated, to save time, try drastically increasing sigma_multiplication.
================================================================
Result for om =  2.0054897959183675 :  -0.00010883424853009332  with error:  1.5194895643911688e-08
================================================================
Computed in  107.95527672767639  seconds.
================================================================
0 hypercube(s) need(s) to be recalculated, to save time, try drastically increasing sigma_multiplication.
================================================================
Result for om =  2.0065102040816325 :  -0.00011206215730496612  with error:  1.527758972835037e-08
================================================================
Computed in  108.2545793056488  seconds.
================================================================
0 hypercube(s) need(s) to be recalculated, to save time, try drastically increasing sigma_multiplication.
================================================================
Result for om =  2.007530612244898 :  -0.00011602005192719355  with error:  1.5095720550065944e-08
================================================================
Computed in  108.14354515075684  seconds.
================================================================
0 hypercube(s) need(s) to be recalculated, to save time, try drastically increasing sigma_multiplication.
================================================================
Result for om =  2.0085510204081634 :  -0.0001210828765445567  with error:  1.5455766280848902e-08
================================================================
Computed in  108.03368806838989  seconds.
================================================================
0 hypercube(s) need(s) to be recalculated, to save time, try drastically increasing sigma_multiplication.
================================================================
Result for om =  2.0095714285714283 :  -0.00012784041988258738  with error:  1.527471698117599e-08
================================================================
Computed in  108.04491567611694  seconds.
================================================================
0 hypercube(s) need(s) to be recalculated, to save time, try drastically increasing sigma_multiplication.
================================================================
Result for om =  2.0105918367346938 :  -0.0001362995014561829  with error:  1.5315499470887908e-08
================================================================
Computed in  108.14389395713806  seconds.
================================================================
0 hypercube(s) need(s) to be recalculated, to save time, try drastically increasing sigma_multiplication.
================================================================
Result for om =  2.011612244897959 :  -0.00013778101252639638  with error:  1.5326921417709e-08
================================================================
Computed in  108.10045313835144  seconds.
================================================================
0 hypercube(s) need(s) to be recalculated, to save time, try drastically increasing sigma_multiplication.
================================================================
Result for om =  2.0126326530612246 :  -0.00012937370682469758  with error:  1.5395402773387627e-08
================================================================
Computed in  107.9486916065216  seconds.
================================================================
0 hypercube(s) need(s) to be recalculated, to save time, try drastically increasing sigma_multiplication.
================================================================
Result for om =  2.0136530612244896 :  -0.00012202345046332698  with error:  1.5352817801369722e-08
================================================================
Computed in  108.38996529579163  seconds.
================================================================
0 hypercube(s) need(s) to be recalculated, to save time, try drastically increasing sigma_multiplication.
================================================================
Result for om =  2.014673469387755 :  -0.00011652481451535102  with error:  1.5433844666950478e-08
================================================================
Computed in  108.1594705581665  seconds.
================================================================
0 hypercube(s) need(s) to be recalculated, to save time, try drastically increasing sigma_multiplication.
================================================================
Result for om =  2.0156938775510205 :  -0.00011223529693365945  with error:  1.5748023602000024e-08
================================================================
Computed in  107.99949550628662  seconds.
================================================================
0 hypercube(s) need(s) to be recalculated, to save time, try drastically increasing sigma_multiplication.
================================================================
Result for om =  2.016714285714286 :  -0.00010872651740944916  with error:  1.55639660429795e-08
================================================================
Computed in  108.00007891654968  seconds.
================================================================
0 hypercube(s) need(s) to be recalculated, to save time, try drastically increasing sigma_multiplication.
================================================================
Result for om =  2.017734693877551 :  -0.00010579085890497064  with error:  1.576306500952416e-08
================================================================
Computed in  107.9365119934082  seconds.
================================================================
0 hypercube(s) need(s) to be recalculated, to save time, try drastically increasing sigma_multiplication.
================================================================
Result for om =  2.0187551020408163 :  -0.00010325361201691764  with error:  1.5560697870714975e-08
================================================================
Computed in  107.92514038085938  seconds.
================================================================
0 hypercube(s) need(s) to be recalculated, to save time, try drastically increasing sigma_multiplication.
================================================================
Result for om =  2.0197755102040817 :  -0.00010102236181730813  with error:  1.552692973430889e-08
================================================================
Computed in  107.92037153244019  seconds.
================================================================
0 hypercube(s) need(s) to be recalculated, to save time, try drastically increasing sigma_multiplication.
================================================================
Result for om =  2.0207959183673467 :  -9.904106321615715e-05  with error:  1.5695009514357414e-08
================================================================
Computed in  108.27122044563293  seconds.
================================================================
0 hypercube(s) need(s) to be recalculated, to save time, try drastically increasing sigma_multiplication.
================================================================
Result for om =  2.021816326530612 :  -9.723546725866211e-05  with error:  1.5749989998045563e-08
================================================================
Computed in  107.96786427497864  seconds.
================================================================
0 hypercube(s) need(s) to be recalculated, to save time, try drastically increasing sigma_multiplication.
================================================================
Result for om =  2.0228367346938776 :  -9.559859209996457e-05  with error:  1.5722022442762476e-08
================================================================
Computed in  108.03354501724243  seconds.
================================================================
0 hypercube(s) need(s) to be recalculated, to save time, try drastically increasing sigma_multiplication.
================================================================
Result for om =  2.023857142857143 :  -9.409103487002648e-05  with error:  1.5728988719772928e-08
================================================================
Computed in  107.94500803947449  seconds.
================================================================
0 hypercube(s) need(s) to be recalculated, to save time, try drastically increasing sigma_multiplication.
================================================================
Result for om =  2.024877551020408 :  -9.271073274432715e-05  with error:  1.546660245006683e-08
================================================================
Computed in  107.9313371181488  seconds.
================================================================
0 hypercube(s) need(s) to be recalculated, to save time, try drastically increasing sigma_multiplication.
================================================================
Result for om =  2.0258979591836734 :  -9.141381302250728e-05  with error:  1.565484155589939e-08
================================================================
Computed in  107.98938155174255  seconds.
================================================================
0 hypercube(s) need(s) to be recalculated, to save time, try drastically increasing sigma_multiplication.
================================================================
Result for om =  2.026918367346939 :  -9.019974353314997e-05  with error:  1.543566282682208e-08
================================================================
Computed in  107.91100335121155  seconds.
================================================================
0 hypercube(s) need(s) to be recalculated, to save time, try drastically increasing sigma_multiplication.
================================================================
Result for om =  2.027938775510204 :  -8.906966971902318e-05  with error:  1.5682208646248566e-08
================================================================
Computed in  107.9069755077362  seconds.
================================================================
0 hypercube(s) need(s) to be recalculated, to save time, try drastically increasing sigma_multiplication.
================================================================
Result for om =  2.0289591836734693 :  -8.799486336951024e-05  with error:  1.543352350963673e-08
================================================================
Computed in  107.95951747894287  seconds.
================================================================
0 hypercube(s) need(s) to be recalculated, to save time, try drastically increasing sigma_multiplication.
================================================================
Result for om =  2.0299795918367347 :  -8.697510197490979e-05  with error:  1.5615121826650023e-08
================================================================
Computed in  107.8520233631134  seconds.
================================================================
0 hypercube(s) need(s) to be recalculated, to save time, try drastically increasing sigma_multiplication.
================================================================
Result for om =  2.031 :  -8.60287132948477e-05  with error:  1.5555611216507705e-08
================================================================
Computed in  108.0526671409607  seconds.
================================================================


================================================================
All values in csv format:
om,Integral,Error,Time
1.981, -8.11942313E-05, 1.452E-08, 1.080E+02
31855.008, -8.17598253E-05, 1.466E-08, 1.079E+02
63708.036, -8.23447706E-05, 1.480E-08, 1.079E+02
95561.063, -8.29424462E-05, 1.461E-08, 1.079E+02
127414.091, -8.35741466E-05, 1.472E-08, 1.079E+02
159267.118, -8.42315862E-05, 1.455E-08, 1.079E+02
191120.145, -8.49020839E-05, 1.457E-08, 1.081E+02
222973.173, -8.56176859E-05, 1.496E-08, 1.079E+02
254826.200, -8.63647753E-05, 1.476E-08, 1.081E+02
286679.227, -8.71393849E-05, 1.491E-08, 1.082E+02
318532.255, -8.79600880E-05, 1.507E-08, 1.079E+02
350385.282, -8.88254962E-05, 1.484E-08, 1.078E+02
382238.310, -8.97422118E-05, 1.489E-08, 1.084E+02
414091.337, -9.07115026E-05, 1.489E-08, 1.083E+02
445944.364, -9.17370554E-05, 1.483E-08, 1.080E+02
477797.392, -9.28388774E-05, 1.488E-08, 1.082E+02
509650.419, -9.40239324E-05, 1.505E-08, 1.082E+02
541503.447, -9.52952785E-05, 1.496E-08, 1.081E+02
573356.474, -9.66766380E-05, 1.500E-08, 1.080E+02
605209.501, -9.81884371E-05, 1.516E-08, 1.079E+02
637062.529, -9.98242038E-05, 1.488E-08, 1.080E+02
668915.556, -1.01678387E-04, 1.514E-08, 1.080E+02
700768.583, -1.03749931E-04, 1.511E-08, 1.079E+02
732621.611, -1.06099096E-04, 1.518E-08, 1.080E+02
764474.638, -1.08834249E-04, 1.519E-08, 1.080E+02
796327.666, -1.12062157E-04, 1.528E-08, 1.083E+02
828180.693, -1.16020052E-04, 1.510E-08, 1.081E+02
860033.720, -1.21082877E-04, 1.546E-08, 1.080E+02
891886.748, -1.27840420E-04, 1.527E-08, 1.080E+02
923739.775, -1.36299501E-04, 1.532E-08, 1.081E+02
955592.803, -1.37781013E-04, 1.533E-08, 1.081E+02
987445.830, -1.29373707E-04, 1.540E-08, 1.079E+02
1019298.857, -1.22023450E-04, 1.535E-08, 1.084E+02
1051151.885, -1.16524815E-04, 1.543E-08, 1.082E+02
1083004.912, -1.12235297E-04, 1.575E-08, 1.080E+02
1114857.939, -1.08726517E-04, 1.556E-08, 1.080E+02
1146710.967, -1.05790859E-04, 1.576E-08, 1.079E+02
1178563.994, -1.03253612E-04, 1.556E-08, 1.079E+02
1210417.022, -1.01022362E-04, 1.553E-08, 1.079E+02
1242270.049, -9.90410632E-05, 1.570E-08, 1.083E+02
1274123.076, -9.72354673E-05, 1.575E-08, 1.080E+02
1305976.104, -9.55985921E-05, 1.572E-08, 1.080E+02
1337829.131, -9.40910349E-05, 1.573E-08, 1.079E+02
1369682.159, -9.27107327E-05, 1.547E-08, 1.079E+02
1401535.186, -9.14138130E-05, 1.565E-08, 1.080E+02
1433388.213, -9.01997435E-05, 1.544E-08, 1.079E+02
1465241.241, -8.90696697E-05, 1.568E-08, 1.079E+02
1497094.268, -8.79948634E-05, 1.543E-08, 1.080E+02
1528947.295, -8.69751020E-05, 1.562E-08, 1.079E+02
1560800.323, -8.60287133E-05, 1.556E-08, 1.081E+02
================================================================

Process completed successfully!
Total time is  5404.1447830200195 seconds.
