16 hypercube(s) need(s) to be recalculated, to save time, try drastically increasing sigma_multiplication.
340 hypercube(s) need(s) to be recalculated, to save time, try drastically increasing sigma_multiplication.
341 hypercube(s) need(s) to be recalculated, to save time, try drastically increasing sigma_multiplication.
338 hypercube(s) need(s) to be recalculated, to save time, try drastically increasing sigma_multiplication.
329 hypercube(s) need(s) to be recalculated, to save time, try drastically increasing sigma_multiplication.
349 hypercube(s) need(s) to be recalculated, to save time, try drastically increasing sigma_multiplication.
316 hypercube(s) need(s) to be recalculated, to save time, try drastically increasing sigma_multiplication.
329 hypercube(s) need(s) to be recalculated, to save time, try drastically increasing sigma_multiplication.
322 hypercube(s) need(s) to be recalculated, to save time, try drastically increasing sigma_multiplication.
331 hypercube(s) need(s) to be recalculated, to save time, try drastically increasing sigma_multiplication.
333 hypercube(s) need(s) to be recalculated, to save time, try drastically increasing sigma_multiplication.
338 hypercube(s) need(s) to be recalculated, to save time, try drastically increasing sigma_multiplication.
334 hypercube(s) need(s) to be recalculated, to save time, try drastically increasing sigma_multiplication.
345 hypercube(s) need(s) to be recalculated, to save time, try drastically increasing sigma_multiplication.
337 hypercube(s) need(s) to be recalculated, to save time, try drastically increasing sigma_multiplication.
324 hypercube(s) need(s) to be recalculated, to save time, try drastically increasing sigma_multiplication.
336 hypercube(s) need(s) to be recalculated, to save time, try drastically increasing sigma_multiplication.
16 hypercube(s) need(s) to be recalculated, to save time, try drastically increasing sigma_multiplication.
218 hypercube(s) need(s) to be recalculated, to save time, try drastically increasing sigma_multiplication.
214 hypercube(s) need(s) to be recalculated, to save time, try drastically increasing sigma_multiplication.
220 hypercube(s) need(s) to be recalculated, to save time, try drastically increasing sigma_multiplication.
208 hypercube(s) need(s) to be recalculated, to save time, try drastically increasing sigma_multiplication.
216 hypercube(s) need(s) to be recalculated, to save time, try drastically increasing sigma_multiplication.
207 hypercube(s) need(s) to be recalculated, to save time, try drastically increasing sigma_multiplication.
225 hypercube(s) need(s) to be recalculated, to save time, try drastically increasing sigma_multiplication.
211 hypercube(s) need(s) to be recalculated, to save time, try drastically increasing sigma_multiplication.
231 hypercube(s) need(s) to be recalculated, to save time, try drastically increasing sigma_multiplication.
202 hypercube(s) need(s) to be recalculated, to save time, try drastically increasing sigma_multiplication.
218 hypercube(s) need(s) to be recalculated, to save time, try drastically increasing sigma_multiplication.
216 hypercube(s) need(s) to be recalculated, to save time, try drastically increasing sigma_multiplication.
217 hypercube(s) need(s) to be recalculated, to save time, try drastically increasing sigma_multiplication.
209 hypercube(s) need(s) to be recalculated, to save time, try drastically increasing sigma_multiplication.
208 hypercube(s) need(s) to be recalculated, to save time, try drastically increasing sigma_multiplication.
229 hypercube(s) need(s) to be recalculated, to save time, try drastically increasing sigma_multiplication.
16 hypercube(s) need(s) to be recalculated, to save time, try drastically increasing sigma_multiplication.
160 hypercube(s) need(s) to be recalculated, to save time, try drastically increasing sigma_multiplication.
167 hypercube(s) need(s) to be recalculated, to save time, try drastically increasing sigma_multiplication.
153 hypercube(s) need(s) to be recalculated, to save time, try drastically increasing sigma_multiplication.
155 hypercube(s) need(s) to be recalculated, to save time, try drastically increasing sigma_multiplication.
158 hypercube(s) need(s) to be recalculated, to save time, try drastically increasing sigma_multiplication.
156 hypercube(s) need(s) to be recalculated, to save time, try drastically increasing sigma_multiplication.
158 hypercube(s) need(s) to be recalculated, to save time, try drastically increasing sigma_multiplication.
149 hypercube(s) need(s) to be recalculated, to save time, try drastically increasing sigma_multiplication.
160 hypercube(s) need(s) to be recalculated, to save time, try drastically increasing sigma_multiplication.
157 hypercube(s) need(s) to be recalculated, to save time, try drastically increasing sigma_multiplication.
160 hypercube(s) need(s) to be recalculated, to save time, try drastically increasing sigma_multiplication.
153 hypercube(s) need(s) to be recalculated, to save time, try drastically increasing sigma_multiplication.
150 hypercube(s) need(s) to be recalculated, to save time, try drastically increasing sigma_multiplication.
143 hypercube(s) need(s) to be recalculated, to save time, try drastically increasing sigma_multiplication.
156 hypercube(s) need(s) to be recalculated, to save time, try drastically increasing sigma_multiplication.
148 hypercube(s) need(s) to be recalculated, to save time, try drastically increasing sigma_multiplication.
16 hypercube(s) need(s) to be recalculated, to save time, try drastically increasing sigma_multiplication.
115 hypercube(s) need(s) to be recalculated, to save time, try drastically increasing sigma_multiplication.
122 hypercube(s) need(s) to be recalculated, to save time, try drastically increasing sigma_multiplication.
118 hypercube(s) need(s) to be recalculated, to save time, try drastically increasing sigma_multiplication.
118 hypercube(s) need(s) to be recalculated, to save time, try drastically increasing sigma_multiplication.
118 hypercube(s) need(s) to be recalculated, to save time, try drastically increasing sigma_multiplication.
115 hypercube(s) need(s) to be recalculated, to save time, try drastically increasing sigma_multiplication.
124 hypercube(s) need(s) to be recalculated, to save time, try drastically increasing sigma_multiplication.
117 hypercube(s) need(s) to be recalculated, to save time, try drastically increasing sigma_multiplication.
116 hypercube(s) need(s) to be recalculated, to save time, try drastically increasing sigma_multiplication.
116 hypercube(s) need(s) to be recalculated, to save time, try drastically increasing sigma_multiplication.
116 hypercube(s) need(s) to be recalculated, to save time, try drastically increasing sigma_multiplication.
127 hypercube(s) need(s) to be recalculated, to save time, try drastically increasing sigma_multiplication.
119 hypercube(s) need(s) to be recalculated, to save time, try drastically increasing sigma_multiplication.
113 hypercube(s) need(s) to be recalculated, to save time, try drastically increasing sigma_multiplication.
115 hypercube(s) need(s) to be recalculated, to save time, try drastically increasing sigma_multiplication.
119 hypercube(s) need(s) to be recalculated, to save time, try drastically increasing sigma_multiplication.
16 hypercube(s) need(s) to be recalculated, to save time, try drastically increasing sigma_multiplication.
93 hypercube(s) need(s) to be recalculated, to save time, try drastically increasing sigma_multiplication.
96 hypercube(s) need(s) to be recalculated, to save time, try drastically increasing sigma_multiplication.
78 hypercube(s) need(s) to be recalculated, to save time, try drastically increasing sigma_multiplication.
90 hypercube(s) need(s) to be recalculated, to save time, try drastically increasing sigma_multiplication.
97 hypercube(s) need(s) to be recalculated, to save time, try drastically increasing sigma_multiplication.
96 hypercube(s) need(s) to be recalculated, to save time, try drastically increasing sigma_multiplication.
88 hypercube(s) need(s) to be recalculated, to save time, try drastically increasing sigma_multiplication.
89 hypercube(s) need(s) to be recalculated, to save time, try drastically increasing sigma_multiplication.
82 hypercube(s) need(s) to be recalculated, to save time, try drastically increasing sigma_multiplication.
95 hypercube(s) need(s) to be recalculated, to save time, try drastically increasing sigma_multiplication.
81 hypercube(s) need(s) to be recalculated, to save time, try drastically increasing sigma_multiplication.
90 hypercube(s) need(s) to be recalculated, to save time, try drastically increasing sigma_multiplication.
96 hypercube(s) need(s) to be recalculated, to save time, try drastically increasing sigma_multiplication.
87 hypercube(s) need(s) to be recalculated, to save time, try drastically increasing sigma_multiplication.
91 hypercube(s) need(s) to be recalculated, to save time, try drastically increasing sigma_multiplication.
93 hypercube(s) need(s) to be recalculated, to save time, try drastically increasing sigma_multiplication.
======================================================================
======================================================================
Calculating the following function's integral: [xi = (-1,1)]
math.exp(-1/(2*s**2)*(x[0]**2+x[1]**2+x[2]**2+x[3]**2))/(math.sqrt(2*3.14)*s)**4
======================================================================

 Optimizing sigma_multiplication:
======================================================================
sigma multiplication |     result     |      std      |       time (s)
======================================================================
                  4  |      1.001007  |     0.000036  |        59.559218
                  8  |      1.001001  |     0.000035  |        58.040335
                 12  |      1.001012  |     0.000036  |        57.775048
                 16  |      1.001017  |     0.000036  |        58.267320
                 20  |      1.001002  |     0.000036  |        58.202595
======================================================================

 The shortest calculation time was  57.77504849433899 seconds with an optimal value of sigma multiplication:  12 

13 hypercube(s) need(s) to be recalculated, to save time, try drastically increasing sigma_multiplication.
123 hypercube(s) need(s) to be recalculated, to save time, try drastically increasing sigma_multiplication.
111 hypercube(s) need(s) to be recalculated, to save time, try drastically increasing sigma_multiplication.
112 hypercube(s) need(s) to be recalculated, to save time, try drastically increasing sigma_multiplication.
137 hypercube(s) need(s) to be recalculated, to save time, try drastically increasing sigma_multiplication.
116 hypercube(s) need(s) to be recalculated, to save time, try drastically increasing sigma_multiplication.
120 hypercube(s) need(s) to be recalculated, to save time, try drastically increasing sigma_multiplication.
121 hypercube(s) need(s) to be recalculated, to save time, try drastically increasing sigma_multiplication.
101 hypercube(s) need(s) to be recalculated, to save time, try drastically increasing sigma_multiplication.
127 hypercube(s) need(s) to be recalculated, to save time, try drastically increasing sigma_multiplication.
115 hypercube(s) need(s) to be recalculated, to save time, try drastically increasing sigma_multiplication.
106 hypercube(s) need(s) to be recalculated, to save time, try drastically increasing sigma_multiplication.
127 hypercube(s) need(s) to be recalculated, to save time, try drastically increasing sigma_multiplication.
124 hypercube(s) need(s) to be recalculated, to save time, try drastically increasing sigma_multiplication.
16 hypercube(s) need(s) to be recalculated, to save time, try drastically increasing sigma_multiplication.
147 hypercube(s) need(s) to be recalculated, to save time, try drastically increasing sigma_multiplication.
147 hypercube(s) need(s) to be recalculated, to save time, try drastically increasing sigma_multiplication.
149 hypercube(s) need(s) to be recalculated, to save time, try drastically increasing sigma_multiplication.
151 hypercube(s) need(s) to be recalculated, to save time, try drastically increasing sigma_multiplication.
165 hypercube(s) need(s) to be recalculated, to save time, try drastically increasing sigma_multiplication.
151 hypercube(s) need(s) to be recalculated, to save time, try drastically increasing sigma_multiplication.
144 hypercube(s) need(s) to be recalculated, to save time, try drastically increasing sigma_multiplication.
154 hypercube(s) need(s) to be recalculated, to save time, try drastically increasing sigma_multiplication.
150 hypercube(s) need(s) to be recalculated, to save time, try drastically increasing sigma_multiplication.
158 hypercube(s) need(s) to be recalculated, to save time, try drastically increasing sigma_multiplication.
157 hypercube(s) need(s) to be recalculated, to save time, try drastically increasing sigma_multiplication.
139 hypercube(s) need(s) to be recalculated, to save time, try drastically increasing sigma_multiplication.
152 hypercube(s) need(s) to be recalculated, to save time, try drastically increasing sigma_multiplication.
153 hypercube(s) need(s) to be recalculated, to save time, try drastically increasing sigma_multiplication.
158 hypercube(s) need(s) to be recalculated, to save time, try drastically increasing sigma_multiplication.
162 hypercube(s) need(s) to be recalculated, to save time, try drastically increasing sigma_multiplication.
16 hypercube(s) need(s) to be recalculated, to save time, try drastically increasing sigma_multiplication.
167 hypercube(s) need(s) to be recalculated, to save time, try drastically increasing sigma_multiplication.
154 hypercube(s) need(s) to be recalculated, to save time, try drastically increasing sigma_multiplication.
152 hypercube(s) need(s) to be recalculated, to save time, try drastically increasing sigma_multiplication.
153 hypercube(s) need(s) to be recalculated, to save time, try drastically increasing sigma_multiplication.
158 hypercube(s) need(s) to be recalculated, to save time, try drastically increasing sigma_multiplication.
152 hypercube(s) need(s) to be recalculated, to save time, try drastically increasing sigma_multiplication.
159 hypercube(s) need(s) to be recalculated, to save time, try drastically increasing sigma_multiplication.
151 hypercube(s) need(s) to be recalculated, to save time, try drastically increasing sigma_multiplication.
154 hypercube(s) need(s) to be recalculated, to save time, try drastically increasing sigma_multiplication.
157 hypercube(s) need(s) to be recalculated, to save time, try drastically increasing sigma_multiplication.
147 hypercube(s) need(s) to be recalculated, to save time, try drastically increasing sigma_multiplication.
160 hypercube(s) need(s) to be recalculated, to save time, try drastically increasing sigma_multiplication.
153 hypercube(s) need(s) to be recalculated, to save time, try drastically increasing sigma_multiplication.
150 hypercube(s) need(s) to be recalculated, to save time, try drastically increasing sigma_multiplication.
165 hypercube(s) need(s) to be recalculated, to save time, try drastically increasing sigma_multiplication.
158 hypercube(s) need(s) to be recalculated, to save time, try drastically increasing sigma_multiplication.
16 hypercube(s) need(s) to be recalculated, to save time, try drastically increasing sigma_multiplication.
158 hypercube(s) need(s) to be recalculated, to save time, try drastically increasing sigma_multiplication.
155 hypercube(s) need(s) to be recalculated, to save time, try drastically increasing sigma_multiplication.
158 hypercube(s) need(s) to be recalculated, to save time, try drastically increasing sigma_multiplication.
158 hypercube(s) need(s) to be recalculated, to save time, try drastically increasing sigma_multiplication.
155 hypercube(s) need(s) to be recalculated, to save time, try drastically increasing sigma_multiplication.
156 hypercube(s) need(s) to be recalculated, to save time, try drastically increasing sigma_multiplication.
162 hypercube(s) need(s) to be recalculated, to save time, try drastically increasing sigma_multiplication.
155 hypercube(s) need(s) to be recalculated, to save time, try drastically increasing sigma_multiplication.
163 hypercube(s) need(s) to be recalculated, to save time, try drastically increasing sigma_multiplication.
162 hypercube(s) need(s) to be recalculated, to save time, try drastically increasing sigma_multiplication.
155 hypercube(s) need(s) to be recalculated, to save time, try drastically increasing sigma_multiplication.
153 hypercube(s) need(s) to be recalculated, to save time, try drastically increasing sigma_multiplication.
157 hypercube(s) need(s) to be recalculated, to save time, try drastically increasing sigma_multiplication.
156 hypercube(s) need(s) to be recalculated, to save time, try drastically increasing sigma_multiplication.
156 hypercube(s) need(s) to be recalculated, to save time, try drastically increasing sigma_multiplication.
159 hypercube(s) need(s) to be recalculated, to save time, try drastically increasing sigma_multiplication.
16 hypercube(s) need(s) to be recalculated, to save time, try drastically increasing sigma_multiplication.
120 hypercube(s) need(s) to be recalculated, to save time, try drastically increasing sigma_multiplication.
120 hypercube(s) need(s) to be recalculated, to save time, try drastically increasing sigma_multiplication.
120 hypercube(s) need(s) to be recalculated, to save time, try drastically increasing sigma_multiplication.
120 hypercube(s) need(s) to be recalculated, to save time, try drastically increasing sigma_multiplication.
120 hypercube(s) need(s) to be recalculated, to save time, try drastically increasing sigma_multiplication.
120 hypercube(s) need(s) to be recalculated, to save time, try drastically increasing sigma_multiplication.
120 hypercube(s) need(s) to be recalculated, to save time, try drastically increasing sigma_multiplication.
120 hypercube(s) need(s) to be recalculated, to save time, try drastically increasing sigma_multiplication.
120 hypercube(s) need(s) to be recalculated, to save time, try drastically increasing sigma_multiplication.
120 hypercube(s) need(s) to be recalculated, to save time, try drastically increasing sigma_multiplication.
120 hypercube(s) need(s) to be recalculated, to save time, try drastically increasing sigma_multiplication.
120 hypercube(s) need(s) to be recalculated, to save time, try drastically increasing sigma_multiplication.
120 hypercube(s) need(s) to be recalculated, to save time, try drastically increasing sigma_multiplication.
120 hypercube(s) need(s) to be recalculated, to save time, try drastically increasing sigma_multiplication.
120 hypercube(s) need(s) to be recalculated, to save time, try drastically increasing sigma_multiplication.
120 hypercube(s) need(s) to be recalculated, to save time, try drastically increasing sigma_multiplication.
======================================================================
number of trials |     result     |      std      |       time (s)
======================================================================
                  2  |      0.999604  |     0.001068  |        27.061469
                  4  |      1.001017  |     0.000034  |        49.822848
                  6  |      1.001055  |     0.000037  |        66.407213
                  8  |      1.001026  |     0.000038  |        83.396076
                 10  |      1.101133  |     0.005853  |        99.817083
======================================================================

 The shortest calculation time was  27.061468601226807 seconds with an optimal value of trials:  2 

======================================================================
Time Optimization Results:
     Optimal Time:  27.061468601226807
     Optimal Sigma Multiplication:  12
     Optimal Trials:  2
