Following values are constant for all integrations.

========================================================

depth =  2
sigma_multiplication =  10000.0
num_trials =  5
available_GPU = [0]
kxi = - math.pi / a
kxf = math.pi / a
kyi = - math.pi / a
kyf = math.pi / a

========================================================
0 hypercube(s) need(s) to be recalculated, to save time, try drastically increasing sigma_multiplication.
Result for qx =  0.01 :  14.241981412101662  with error:  5.523337260961224
================================================================
Computed in  72.2404043674469  seconds.
================================================================
0 hypercube(s) need(s) to be recalculated, to save time, try drastically increasing sigma_multiplication.
Result for qx =  0.018205128205128207 :  -0.0002741920195097336  with error:  3.5567340400058933
================================================================
Computed in  71.74397802352905  seconds.
================================================================
