Following values are constant for all integrations.

========================================================

depth =  2
sigma_multiplication =  20
num_trials =  12
available_GPU = [0]
kxi = - math.pi / a
kxf = math.pi / a
kyi = - math.pi / a
kyf = math.pi / a

========================================================
10 hypercube(s) need(s) to be recalculated, to save time, try drastically increasing sigma_multiplication.
0 hypercube(s) need(s) to be recalculated, to save time, try drastically increasing sigma_multiplication.
0 hypercube(s) need(s) to be recalculated, to save time, try drastically increasing sigma_multiplication.
0 hypercube(s) need(s) to be recalculated, to save time, try drastically increasing sigma_multiplication.
0 hypercube(s) need(s) to be recalculated, to save time, try drastically increasing sigma_multiplication.
0 hypercube(s) need(s) to be recalculated, to save time, try drastically increasing sigma_multiplication.
0 hypercube(s) need(s) to be recalculated, to save time, try drastically increasing sigma_multiplication.
0 hypercube(s) need(s) to be recalculated, to save time, try drastically increasing sigma_multiplication.
0 hypercube(s) need(s) to be recalculated, to save time, try drastically increasing sigma_multiplication.
0 hypercube(s) need(s) to be recalculated, to save time, try drastically increasing sigma_multiplication.
0 hypercube(s) need(s) to be recalculated, to save time, try drastically increasing sigma_multiplication.
Result for qx =  0.001 :  0.961117774510185  with error:  0.016449628763565587
================================================================
Computed in  1056.852073431015  seconds.
================================================================
15 hypercube(s) need(s) to be recalculated, to save time, try drastically increasing sigma_multiplication.
0 hypercube(s) need(s) to be recalculated, to save time, try drastically increasing sigma_multiplication.
0 hypercube(s) need(s) to be recalculated, to save time, try drastically increasing sigma_multiplication.
0 hypercube(s) need(s) to be recalculated, to save time, try drastically increasing sigma_multiplication.
0 hypercube(s) need(s) to be recalculated, to save time, try drastically increasing sigma_multiplication.
0 hypercube(s) need(s) to be recalculated, to save time, try drastically increasing sigma_multiplication.
0 hypercube(s) need(s) to be recalculated, to save time, try drastically increasing sigma_multiplication.
0 hypercube(s) need(s) to be recalculated, to save time, try drastically increasing sigma_multiplication.
0 hypercube(s) need(s) to be recalculated, to save time, try drastically increasing sigma_multiplication.
0 hypercube(s) need(s) to be recalculated, to save time, try drastically increasing sigma_multiplication.
0 hypercube(s) need(s) to be recalculated, to save time, try drastically increasing sigma_multiplication.
0 hypercube(s) need(s) to be recalculated, to save time, try drastically increasing sigma_multiplication.
0 hypercube(s) need(s) to be recalculated, to save time, try drastically increasing sigma_multiplication.
0 hypercube(s) need(s) to be recalculated, to save time, try drastically increasing sigma_multiplication.
0 hypercube(s) need(s) to be recalculated, to save time, try drastically increasing sigma_multiplication.
0 hypercube(s) need(s) to be recalculated, to save time, try drastically increasing sigma_multiplication.
Result for qx =  0.009611111111111112 :  0.9889364342058182  with error:  0.007579990174639892
================================================================
Computed in  1511.949152469635  seconds.
================================================================
16 hypercube(s) need(s) to be recalculated, to save time, try drastically increasing sigma_multiplication.
0 hypercube(s) need(s) to be recalculated, to save time, try drastically increasing sigma_multiplication.
0 hypercube(s) need(s) to be recalculated, to save time, try drastically increasing sigma_multiplication.
0 hypercube(s) need(s) to be recalculated, to save time, try drastically increasing sigma_multiplication.
0 hypercube(s) need(s) to be recalculated, to save time, try drastically increasing sigma_multiplication.
0 hypercube(s) need(s) to be recalculated, to save time, try drastically increasing sigma_multiplication.
0 hypercube(s) need(s) to be recalculated, to save time, try drastically increasing sigma_multiplication.
0 hypercube(s) need(s) to be recalculated, to save time, try drastically increasing sigma_multiplication.
0 hypercube(s) need(s) to be recalculated, to save time, try drastically increasing sigma_multiplication.
0 hypercube(s) need(s) to be recalculated, to save time, try drastically increasing sigma_multiplication.
0 hypercube(s) need(s) to be recalculated, to save time, try drastically increasing sigma_multiplication.
0 hypercube(s) need(s) to be recalculated, to save time, try drastically increasing sigma_multiplication.
0 hypercube(s) need(s) to be recalculated, to save time, try drastically increasing sigma_multiplication.
0 hypercube(s) need(s) to be recalculated, to save time, try drastically increasing sigma_multiplication.
0 hypercube(s) need(s) to be recalculated, to save time, try drastically increasing sigma_multiplication.
0 hypercube(s) need(s) to be recalculated, to save time, try drastically increasing sigma_multiplication.
0 hypercube(s) need(s) to be recalculated, to save time, try drastically increasing sigma_multiplication.
Result for qx =  0.018222222222222223 :  0.9866113792024509  with error:  0.009120091092479523
================================================================
Computed in  1604.8386170864105  seconds.
================================================================
22 hypercube(s) need(s) to be recalculated, to save time, try drastically increasing sigma_multiplication.
0 hypercube(s) need(s) to be recalculated, to save time, try drastically increasing sigma_multiplication.
0 hypercube(s) need(s) to be recalculated, to save time, try drastically increasing sigma_multiplication.
0 hypercube(s) need(s) to be recalculated, to save time, try drastically increasing sigma_multiplication.
0 hypercube(s) need(s) to be recalculated, to save time, try drastically increasing sigma_multiplication.
0 hypercube(s) need(s) to be recalculated, to save time, try drastically increasing sigma_multiplication.
0 hypercube(s) need(s) to be recalculated, to save time, try drastically increasing sigma_multiplication.
0 hypercube(s) need(s) to be recalculated, to save time, try drastically increasing sigma_multiplication.
0 hypercube(s) need(s) to be recalculated, to save time, try drastically increasing sigma_multiplication.
0 hypercube(s) need(s) to be recalculated, to save time, try drastically increasing sigma_multiplication.
0 hypercube(s) need(s) to be recalculated, to save time, try drastically increasing sigma_multiplication.
0 hypercube(s) need(s) to be recalculated, to save time, try drastically increasing sigma_multiplication.
0 hypercube(s) need(s) to be recalculated, to save time, try drastically increasing sigma_multiplication.
0 hypercube(s) need(s) to be recalculated, to save time, try drastically increasing sigma_multiplication.
0 hypercube(s) need(s) to be recalculated, to save time, try drastically increasing sigma_multiplication.
0 hypercube(s) need(s) to be recalculated, to save time, try drastically increasing sigma_multiplication.
0 hypercube(s) need(s) to be recalculated, to save time, try drastically increasing sigma_multiplication.
0 hypercube(s) need(s) to be recalculated, to save time, try drastically increasing sigma_multiplication.
0 hypercube(s) need(s) to be recalculated, to save time, try drastically increasing sigma_multiplication.
0 hypercube(s) need(s) to be recalculated, to save time, try drastically increasing sigma_multiplication.
