Following values are constant for all integrations.

========================================================

depth = 2
sigma_multiplication = 1,000,000
num_trials = 5
available_GPU = [0]
kxi = - math.pi / a
kxf = math.pi / a
kyi = - math.pi / a
kyf = math.pi / a

========================================================
0 hypercube(s) need(s) to be recalculated, to save time, try drastically increasing sigma_multiplication.
Result for qx =  0.01 :  0.9903882754229376  with error:  9.833173764150862e-06
================================================================
Computed in  38.46202063560486  seconds.
================================================================
0 hypercube(s) need(s) to be recalculated, to save time, try drastically increasing sigma_multiplication.
Result for qx =  0.031785714285714285 :  0.9865838068646192  with error:  5.985881755172068e-06
================================================================
Computed in  37.84711527824402  seconds.
================================================================
0 hypercube(s) need(s) to be recalculated, to save time, try drastically increasing sigma_multiplication.
Result for qx =  0.053571428571428575 :  0.9859584281845553  with error:  4.786636118322102e-06
================================================================
Computed in  37.883270263671875  seconds.
================================================================
0 hypercube(s) need(s) to be recalculated, to save time, try drastically increasing sigma_multiplication.
Result for qx =  0.07535714285714286 :  0.9864695531086027  with error:  3.952822073066017e-06
================================================================
Computed in  37.70108675956726  seconds.
================================================================
0 hypercube(s) need(s) to be recalculated, to save time, try drastically increasing sigma_multiplication.
Result for qx =  0.09714285714285714 :  0.9863313370596345  with error:  3.4594872982081206e-06
================================================================
Computed in  37.70618033409119  seconds.
================================================================
0 hypercube(s) need(s) to be recalculated, to save time, try drastically increasing sigma_multiplication.
Result for qx =  0.11892857142857143 :  0.985514403865846  with error:  2.8407026737276776e-06
================================================================
Computed in  37.83446478843689  seconds.
================================================================
0 hypercube(s) need(s) to be recalculated, to save time, try drastically increasing sigma_multiplication.
Result for qx =  0.14071428571428574 :  0.9851016939961477  with error:  2.7475982254033545e-06
================================================================
Computed in  37.77334499359131  seconds.
================================================================
0 hypercube(s) need(s) to be recalculated, to save time, try drastically increasing sigma_multiplication.
Result for qx =  0.1625 :  0.9854898211432631  with error:  2.688291700231638e-06
================================================================
Computed in  37.884167432785034  seconds.
================================================================
0 hypercube(s) need(s) to be recalculated, to save time, try drastically increasing sigma_multiplication.
Result for qx =  0.1842857142857143 :  0.9847103502571674  with error:  2.5407016704565914e-06
================================================================
Computed in  37.68122482299805  seconds.
================================================================
0 hypercube(s) need(s) to be recalculated, to save time, try drastically increasing sigma_multiplication.
Result for qx =  0.2060714285714286 :  0.9821182893818698  with error:  2.0690527940772866e-06
================================================================
Computed in  37.56269288063049  seconds.
================================================================
0 hypercube(s) need(s) to be recalculated, to save time, try drastically increasing sigma_multiplication.
Result for qx =  0.22785714285714287 :  0.9795832466379166  with error:  2.207526375870973e-06
================================================================
Computed in  37.74864602088928  seconds.
================================================================
0 hypercube(s) need(s) to be recalculated, to save time, try drastically increasing sigma_multiplication.
Result for qx =  0.24964285714285717 :  0.9762005064282925  with error:  1.9143192233285675e-06
================================================================
Computed in  37.5634069442749  seconds.
================================================================
0 hypercube(s) need(s) to be recalculated, to save time, try drastically increasing sigma_multiplication.
Result for qx =  0.27142857142857146 :  0.9734659203321324  with error:  2.0593113061314333e-06
================================================================
Computed in  37.90298080444336  seconds.
================================================================
0 hypercube(s) need(s) to be recalculated, to save time, try drastically increasing sigma_multiplication.
Result for qx =  0.29321428571428576 :  0.9641194796724116  with error:  2.0752652390240545e-06
================================================================
Computed in  37.67846369743347  seconds.
================================================================
0 hypercube(s) need(s) to be recalculated, to save time, try drastically increasing sigma_multiplication.
Result for qx =  0.315 :  0.8967106446382532  with error:  2.20479433984421e-06
================================================================
Computed in  37.67074227333069  seconds.
================================================================
================================================================
All values in csv format:
0.010, 9.90388275E-01, 9.833E-06, 3.846E+01
0.032, 9.86583807E-01, 5.986E-06, 3.785E+01
0.054, 9.85958428E-01, 4.787E-06, 3.788E+01
0.075, 9.86469553E-01, 3.953E-06, 3.770E+01
0.097, 9.86331337E-01, 3.459E-06, 3.771E+01
0.119, 9.85514404E-01, 2.841E-06, 3.783E+01
0.141, 9.85101694E-01, 2.748E-06, 3.777E+01
0.163, 9.85489821E-01, 2.688E-06, 3.788E+01
0.184, 9.84710350E-01, 2.541E-06, 3.768E+01
0.206, 9.82118289E-01, 2.069E-06, 3.756E+01
0.228, 9.79583247E-01, 2.208E-06, 3.775E+01
0.250, 9.76200506E-01, 1.914E-06, 3.756E+01
0.271, 9.73465920E-01, 2.059E-06, 3.790E+01
0.293, 9.64119480E-01, 2.075E-06, 3.768E+01
0.315, 8.96710645E-01, 2.205E-06, 3.767E+01
================================================================

Process completed successfully!
Total time is  584.7616059780121 seconds.
