Following values are constant for all integrations.

========================================================

depth =  2
sigma_multiplication =  1000.0
num_trials =  10
available_GPU = [0]
kxi = - math.pi / a
kxf = math.pi / a
kyi = - math.pi / a
kyf = math.pi / a

========================================================
0 hypercube(s) need(s) to be recalculated, to save time, try drastically increasing sigma_multiplication.
Result for qx =  0.1 :  0.9475401326053683  with error:  0.004628583931398811
================================================================
Computed in  5654.7934193611145  seconds.
================================================================
0 hypercube(s) need(s) to be recalculated, to save time, try drastically increasing sigma_multiplication.
Result for qx =  0.3 :  0.810866427181063  with error:  0.001061474968131504
================================================================
Computed in  5653.206842422485  seconds.
================================================================
0 hypercube(s) need(s) to be recalculated, to save time, try drastically increasing sigma_multiplication.
Result for qx =  0.4 :  0.8357524810473259  with error:  0.012233100478391476
================================================================
Computed in  5652.437280654907  seconds.
================================================================
0 hypercube(s) need(s) to be recalculated, to save time, try drastically increasing sigma_multiplication.
Result for qx =  0.45 :  0.8204600084637402  with error:  0.0055644249597910245
================================================================
Computed in  5652.191766023636  seconds.
================================================================
0 hypercube(s) need(s) to be recalculated, to save time, try drastically increasing sigma_multiplication.
Result for qx =  0.55 :  0.747240879339183  with error:  0.001342178024622349
================================================================
Computed in  5651.707328081131  seconds.
================================================================
0 hypercube(s) need(s) to be recalculated, to save time, try drastically increasing sigma_multiplication.
Result for qx =  0.7 :  0.40450741482726704  with error:  0.0021484718516718163
================================================================
Computed in  5650.640425682068  seconds.
================================================================
0 hypercube(s) need(s) to be recalculated, to save time, try drastically increasing sigma_multiplication.
Result for qx =  0.9 :  0.1712098620035899  with error:  0.003668950459857538
================================================================
Computed in  5650.067246437073  seconds.
================================================================
================================================================
All values in csv format:
