Following values are constant for all integrations.

========================================================

depth =  2
sigma_multiplication =  100000.0
num_trials =  8
available_GPU = [0]
kxi = - math.pi / a
kxf = math.pi / a
kyi = - math.pi / a
kyf = math.pi / a

========================================================
0 hypercube(s) need(s) to be recalculated, to save time, try drastically increasing sigma_multiplication.
Result for qx =  0.001 :  0.9230866250906677  with error:  0.0579369314725413
================================================================
Computed in  71.92531061172485  seconds.
================================================================
0 hypercube(s) need(s) to be recalculated, to save time, try drastically increasing sigma_multiplication.
Result for qx =  0.009611111111111112 :  1.001975025482343  with error:  0.04967726457610556
================================================================
Computed in  72.25796437263489  seconds.
================================================================
