Following values are constant for all integrations.

========================================================

depth = 2
sigma_multiplication = 1E6
num_trials = 5
available_GPU = [0]

kxi = - math.pi / a
kxf = math.pi / a

kyi = - math.pi / a
kyf = math.pi / a

qxi = 0.001
qxf = 12 * math.pi / a

========================================================
0 hypercube(s) need(s) to be recalculated, to save time, try drastically increasing sigma_multiplication.
Result for r =  10 :  0.00019601110871894265  with error:  2.647780946761357e-07
================================================================
Computed in  165.7533094882965  seconds.
================================================================
0 hypercube(s) need(s) to be recalculated, to save time, try drastically increasing sigma_multiplication.
Result for r =  11 :  -0.0001917884036056342  with error:  2.747254989889662e-07
================================================================
Computed in  165.16224026679993  seconds.
================================================================
0 hypercube(s) need(s) to be recalculated, to save time, try drastically increasing sigma_multiplication.
Result for r =  12 :  -0.0004740454592430075  with error:  2.906993225368614e-07
================================================================
Computed in  165.3321578502655  seconds.
================================================================
0 hypercube(s) need(s) to be recalculated, to save time, try drastically increasing sigma_multiplication.
Result for r =  13 :  -0.0006444106860570888  with error:  2.819633464461919e-07
================================================================
Computed in  165.43640995025635  seconds.
================================================================
0 hypercube(s) need(s) to be recalculated, to save time, try drastically increasing sigma_multiplication.
Result for r =  14 :  -0.000706414390810517  with error:  2.7365497251263805e-07
================================================================
Computed in  165.41863656044006  seconds.
================================================================
0 hypercube(s) need(s) to be recalculated, to save time, try drastically increasing sigma_multiplication.
Result for r =  15 :  -0.0006709134637709826  with error:  2.547494928044629e-07
================================================================
Computed in  165.61160898208618  seconds.
================================================================
0 hypercube(s) need(s) to be recalculated, to save time, try drastically increasing sigma_multiplication.
Result for r =  16 :  -0.0005607952242395978  with error:  2.4917854635446013e-07
================================================================
Computed in  165.6515874862671  seconds.
================================================================
0 hypercube(s) need(s) to be recalculated, to save time, try drastically increasing sigma_multiplication.
Result for r =  17 :  -0.0004117724170511659  with error:  2.32617801418471e-07
================================================================
Computed in  165.8933482170105  seconds.
================================================================
